<?xml version="1.0" encoding="UTF-8"?>
<!-- Generated by org.testng.reporters.JUnitReportReporter -->
<testsuite skipped="0" hostname="MS-20160625LRRB" name="com.testng.NewTest" tests="1" failures="0" timestamp="31 十月 2017 01:42:29 GMT" time="0.024" errors="0">
  <testcase name="f" time="0.024" classname="com.testng.NewTest"/>
</testsuite> <!-- com.testng.NewTest -->
